<?xml version="1.0" encoding="utf-8"?><testsuites name="pytest tests"><testsuite name="pytest" errors="0" failures="0" skipped="0" tests="10" time="4.224" timestamp="2026-08-30T07:21:20.168512+00:00" hostname="agent-env-80f4ee45-4014-4a8f-bce8-34912ad35b71"><testcase classname="tests.test_iteration2_features.TestTtsVoiceOverride" name="test_tts_default" time="1.910" /><testcase classname="tests.test_iteration2_features.TestSettings" name="test_get_settings_shape_and_defaults" time="0.327" /><testcase classname="tests.test_iteration2_features.TestSettings" name="test_update_partial_persists" time="0.146" /><testcase classname="tests.test_iteration2_features.TestSettings" name="test_invalid_warmth_and_voice_ignored" time="0.149" /><testcase classname="tests.test_iteration2_features.TestSettings" name="test_home_reflects_mom_name" time="0.142" /><testcase classname="tests.test_iteration2_features.TestSettings" name="test_chat_uses_internal_sender_keys" time="1.639" /><testcase classname="tests.test_iteration2_features.TestTtsVoiceOverride" name="test_tts_voice_override" time="1.549" /><testcase classname="tests.test_iteration2_features.TestCheckin" name="test_checkin_flow" time="0.164" /><testcase classname="tests.test_iteration2_features.TestNotes" name="test_notes_full_lifecycle" time="0.378" /><testcase classname="tests.test_iteration2_features.TestNotes" name="test_notes_rejects_user_sender" time="0.052" /></testsuite></testsuites>