<?xml version="1.0" encoding="utf-8"?><testsuites name="pytest tests"><testsuite name="pytest" errors="0" failures="0" skipped="0" tests="19" time="10.004" timestamp="2026-08-30T07:01:04.020621+00:00" hostname="agent-env-80f4ee45-4014-4a8f-bce8-34912ad35b71"><testcase classname="tests.test_myfam_api.TestCare" name="test_care_get" time="0.281" /><testcase classname="tests.test_myfam_api.TestMessagesAndChat" name="test_get_messages_ordered" time="0.287" /><testcase classname="tests.test_myfam_api.TestCare" name="test_water_increment_and_clamp" time="0.176" /><testcase classname="tests.test_myfam_api.TestMessagesAndChat" name="test_chat_mom_single_reply" time="1.462" /><testcase classname="tests.test_myfam_api.TestCare" name="test_water_upper_clamp" time="0.212" /><testcase classname="tests.test_myfam_api.TestCare" name="test_water_lower_clamp" time="0.169" /><testcase classname="tests.test_myfam_api.TestCare" name="test_meal_toggle" time="0.110" /><testcase classname="tests.test_myfam_api.TestCare" name="test_sleep" time="0.110" /><testcase classname="tests.test_myfam_api.TestTTS" name="test_tts_mom" time="2.342" /><testcase classname="tests.test_myfam_api.TestMessagesAndChat" name="test_chat_dad_single_reply" time="1.763" /><testcase classname="tests.test_myfam_api.TestTTS" name="test_tts_dad" time="2.082" /><testcase classname="tests.test_myfam_api.TestMessagesAndChat" name="test_chat_family_two_replies_mom_and_dad" time="3.988" /><testcase classname="tests.test_myfam_api.TestTTS" name="test_tts_bad_persona" time="0.060" /><testcase classname="tests.test_myfam_api.TestRootAndHome" name="test_root" time="0.049" /><testcase classname="tests.test_myfam_api.TestRootAndHome" name="test_home_shape" time="0.057" /><testcase classname="tests.test_myfam_api.TestConversations" name="test_conversations_unread_flag" time="0.996" /><testcase classname="tests.test_myfam_api.TestMessagesAndChat" name="test_chat_persists_messages" time="1.880" /><testcase classname="tests.test_myfam_api.TestProfile" name="test_get_profile" time="0.054" /><testcase classname="tests.test_myfam_api.TestProfile" name="test_update_profile_persists" time="0.206" /></testsuite></testsuites>